00000000 00000911 br main
00000001 00000008 length: data 8
00000002 00000005 array: data 5
00000003 0000000c data 12
00000004 00000016 data 22
00000005 00000025 data 37
00000006 0000002e data 46
00000007 0000003c data 60
00000008 00000041 data 65
00000009 00000050 data 80
0000000a 00000000 main: ldc 0
0000000b 00000003 stl 0
0000000c 00000002 outer: ldl 0
0000000d 00000100 ldc length
0000000e 00000004 ldnl 0
0000000f 00000007 sub 
00000010 00000100 ldc 1
00000011 00000007 sub 
00000012 00003a10 brlz done
00000013 00000000 ldc 0
00000014 00000103 stl 1
00000015 00000102 inner: ldl 1
00000016 00000002 ldl 0
00000017 00000100 ldc length
00000018 00000004 ldnl 0
00000019 00000007 sub 
0000001a 00000100 ldc 1
0000001b 00000007 sub 
0000001c 00000007 sub 
0000001d 00000510 brlz compare
0000001e 00000002 ldl 0
0000001f 00000100 ldc 1
00000020 00000006 add 
00000021 00000003 stl 0
00000022 ffffe911 br outer
00000023 00000200 ldc array
00000024 00000102 ldl 1
00000025 00000006 add 
00000026 00000004 ldnl 0
00000027 00000203 stl 2
00000028 00000200 ldc array
00000029 00000102 ldl 1
0000002a 00000100 ldc 1
0000002b 00000006 add 
0000002c 00000006 add 
0000002d 00000004 ldnl 0
0000002e 00000202 ldl 2
0000002f 00000007 sub 
00000030 00000510 brlz swap
00000031 00000102 next: ldl 1
00000032 00000100 ldc 1
00000033 00000006 add 
00000034 00000103 stl 1
00000035 ffffdf11 br inner
00000036 00000200 ldc array
00000037 00000102 ldl 1
00000038 00000006 add 
00000039 00000004 ldnl 0
0000003a 00000303 stl 3
0000003b 00000200 ldc array
0000003c 00000102 ldl 1
0000003d 00000006 add 
0000003e 00000102 ldl 1
0000003f 00000100 ldc 1
00000040 00000006 add 
00000041 00000200 ldc array
00000042 00000006 add 
00000043 00000004 ldnl 0
00000044 00000005 stnl 0
00000045 00000200 ldc array
00000046 00000102 ldl 1
00000047 00000100 ldc 1
00000048 00000006 add 
00000049 00000006 add 
0000004a 00000302 ldl 3
0000004b 00000005 stnl 0
0000004c ffffe411 br next
0000004d 00000012 done: HALT 
